<?xml version="1.0" encoding="UTF-8"?>
<!-- Generated by org.testng.reporters.JUnitReportReporter -->
<testsuite name="com.test.automation.uiAutomation.homePage.TC001_VerifyLoginWithInvalidCredentails" tests="1" time="6.255" ignored="0" failures="0" timestamp="15 Jan 2018 16:47:35 GMT" skipped="0" hostname="immortal-PC" errors="0">
  <testcase name="verifyLoginWithInvalidCredentails" time="6.255" classname="com.test.automation.uiAutomation.homePage.TC001_VerifyLoginWithInvalidCredentails"/>
</testsuite> <!-- com.test.automation.uiAutomation.homePage.TC001_VerifyLoginWithInvalidCredentails -->
