<?xml version="1.0" encoding="UTF-8"?>
<!-- Generated by org.testng.reporters.JUnitReportReporter -->
<testsuite name="com.test.automation.uiAutomation.homePage.TC002_VerifyRegistration" tests="1" time="8.952" ignored="0" failures="0" timestamp="18 Jan 2018 02:16:56 GMT" skipped="0" hostname="immortal-PC" errors="0">
  <testcase name="VerifyRegistration" time="8.952" classname="com.test.automation.uiAutomation.homePage.TC002_VerifyRegistration"/>
</testsuite> <!-- com.test.automation.uiAutomation.homePage.TC002_VerifyRegistration -->
